#
# There is insufficient memory for the Java Runtime Environment to continue.
# Native memory allocation (malloc) failed to allocate 1048576 bytes for AllocateHeap
# Possible reasons:
#   The system is out of physical RAM or swap space
#   In 32 bit mode, the process size limit was hit
# Possible solutions:
#   Reduce memory load on the system
#   Increase physical memory or swap space
#   Check if swap backing store is full
#   Use 64 bit Java on a 64 bit OS
#   Decrease Java heap size (-Xmx/-Xms)
#   Decrease number of Java threads
#   Decrease Java thread stack sizes (-Xss)
#   Set larger code cache with -XX:ReservedCodeCacheSize=
# This output file may be truncated or incomplete.
#
#  Out of Memory Error (memory/allocation.inline.hpp:61), pid=19308, tid=0x0000000000006640
#
# JRE version:  (8.0) (build )
# Java VM: OpenJDK 64-Bit Server VM (25.71-b00 mixed mode windows-amd64 compressed oops)
# Failed to write core dump. Minidumps are not enabled by default on client versions of Windows
#

---------------  T H R E A D  ---------------

Current thread (0x0000000002e42800):  JavaThread "Unknown thread" [_thread_in_vm, id=26176, stack(0x0000000002cd0000,0x0000000002dd0000)]

Stack: [0x0000000002cd0000,0x0000000002dd0000]
[error occurred during error reporting (printing stack bounds), id 0xc0000005]

Native frames: (J=compiled Java code, j=interpreted, Vv=VM code, C=native code)


---------------  P R O C E S S  ---------------

Java Threads: ( => current thread )

Other Threads:

=>0x0000000002e42800 (exited) JavaThread "Unknown thread" [_thread_in_vm, id=26176, stack(0x0000000002cd0000,0x0000000002dd0000)]

VM state:not at safepoint (normal execution)

VM Mutex/Monitor currently owned by a thread: None

Heap:
 PSYoungGen      total 75776K, used 1300K [0x000000076b900000, 0x0000000770d80000, 0x00000007c0000000)
  eden space 65024K, 2% used [0x000000076b900000,0x000000076ba451f8,0x000000076f880000)
  from space 10752K, 0% used [0x0000000770300000,0x0000000770300000,0x0000000770d80000)
  to   space 10752K, 0% used [0x000000076f880000,0x000000076f880000,0x0000000770300000)
 ParOldGen       total 173568K, used 0K [0x00000006c2a00000, 0x00000006cd380000, 0x000000076b900000)
  object space 173568K, 0% used [0x00000006c2a00000,0x00000006c2a00000,0x00000006cd380000)
 Metaspace       used 777K, capacity 4480K, committed 4480K, reserved 1056768K
  class space    used 74K, capacity 384K, committed 384K, reserved 1048576K

Card table byte_map: [0x0000000012300000,0x0000000012af0000] byte_map_base: 0x000000000eceb000

Marking Bits: (ParMarkBitMap*) 0x000000006351be50
 Begin Bits: [0x0000000013a40000, 0x0000000017998000)
 End Bits:   [0x0000000017998000, 0x000000001b8f0000)

Polling page: 0x0000000000fc0000

CodeCache: size=245760Kb used=328Kb max_used=328Kb free=245431Kb
 bounds [0x0000000002f40000, 0x00000000031b0000, 0x0000000011f40000]
 total_blobs=57 nmethods=0 adapters=38
 compilation: enabled

Compilation events (0 events):
No events

GC Heap History (0 events):
No events

Deoptimization events (0 events):
No events

Classes redefined (0 events):
No events

Internal exceptions (0 events):
No events

Events (10 events):
Event: 0.042 loading class java/lang/Short
Event: 0.042 loading class java/lang/Short done
Event: 0.042 loading class java/lang/Integer
Event: 0.043 loading class java/lang/Integer done
Event: 0.043 loading class java/lang/Long
Event: 0.043 loading class java/lang/Long done
Event: 0.044 loading class java/lang/NullPointerException
Event: 0.044 loading class java/lang/NullPointerException done
Event: 0.044 loading class java/lang/ArithmeticException
Event: 0.044 loading class java/lang/ArithmeticException done


Dynamic libraries:
0x00007ff7acd20000 - 0x00007ff7acd55000 	C:\Program Files\Unity\Hub\Editor\2020.3.20f1\Editor\Data\PlaybackEngines\AndroidPlayer\OpenJDK\bin\java.exe
0x00007fffb8470000 - 0x00007fffb8665000 	C:\WINDOWS\SYSTEM32\ntdll.dll
0x00007fffb7420000 - 0x00007fffb74de000 	C:\WINDOWS\System32\KERNEL32.DLL
0x00007fffb5f00000 - 0x00007fffb61c9000 	C:\WINDOWS\System32\KERNELBASE.dll
0x00007fffb6f60000 - 0x00007fffb700c000 	C:\WINDOWS\System32\ADVAPI32.dll
0x00007fffb6780000 - 0x00007fffb681e000 	C:\WINDOWS\System32\msvcrt.dll
0x00007fffb76e0000 - 0x00007fffb777b000 	C:\WINDOWS\System32\sechost.dll
0x00007fffb65d0000 - 0x00007fffb66fa000 	C:\WINDOWS\System32\RPCRT4.dll
0x00007fffb7780000 - 0x00007fffb7921000 	C:\WINDOWS\System32\USER32.dll
0x00007fffb6330000 - 0x00007fffb6352000 	C:\WINDOWS\System32\win32u.dll
0x00007fffb7b10000 - 0x00007fffb7b3b000 	C:\WINDOWS\System32\GDI32.dll
0x00007fffb6220000 - 0x00007fffb632b000 	C:\WINDOWS\System32\gdi32full.dll
0x00007fffb6420000 - 0x00007fffb64bd000 	C:\WINDOWS\System32\msvcp_win.dll
0x00007fffb5b90000 - 0x00007fffb5c90000 	C:\WINDOWS\System32\ucrtbase.dll
0x00007fffa6360000 - 0x00007fffa65fa000 	C:\WINDOWS\WinSxS\amd64_microsoft.windows.common-controls_6595b64144ccf1df_6.0.19041.1110_none_60b5254171f9507e\COMCTL32.dll
0x00007fffb76b0000 - 0x00007fffb76e0000 	C:\WINDOWS\System32\IMM32.DLL
0x0000000063970000 - 0x0000000063a42000 	C:\Program Files\Unity\Hub\Editor\2020.3.20f1\Editor\Data\PlaybackEngines\AndroidPlayer\OpenJDK\jre\bin\msvcr100.dll
0x0000000062d50000 - 0x0000000063599000 	C:\Program Files\Unity\Hub\Editor\2020.3.20f1\Editor\Data\PlaybackEngines\AndroidPlayer\OpenJDK\jre\bin\server\jvm.dll
0x00007fffb74f0000 - 0x00007fffb74f8000 	C:\WINDOWS\System32\PSAPI.DLL
0x00007fffa9bc0000 - 0x00007fffa9be7000 	C:\WINDOWS\SYSTEM32\WINMM.dll
0x00007fffaf9d0000 - 0x00007fffaf9d9000 	C:\WINDOWS\SYSTEM32\WSOCK32.dll
0x00007fffad270000 - 0x00007fffad27a000 	C:\WINDOWS\SYSTEM32\VERSION.dll
0x00007fffb82a0000 - 0x00007fffb830b000 	C:\WINDOWS\System32\WS2_32.dll
0x00007fff9c120000 - 0x00007fff9c12f000 	C:\Program Files\Unity\Hub\Editor\2020.3.20f1\Editor\Data\PlaybackEngines\AndroidPlayer\OpenJDK\jre\bin\verify.dll
0x00007fff952f0000 - 0x00007fff95319000 	C:\Program Files\Unity\Hub\Editor\2020.3.20f1\Editor\Data\PlaybackEngines\AndroidPlayer\OpenJDK\jre\bin\java.dll
0x00007fff952d0000 - 0x00007fff952e6000 	C:\Program Files\Unity\Hub\Editor\2020.3.20f1\Editor\Data\PlaybackEngines\AndroidPlayer\OpenJDK\jre\bin\zip.dll

VM Arguments:
jvm_args: -Dfile.encoding=UTF-8 
java_command: <unknown>
java_class_path (initial): .
Launcher Type: SUN_STANDARD

Environment Variables:
JAVA_TOOL_OPTIONS=-Dfile.encoding=UTF-8
PATH=C:\Program Files\QuantumATK\QuantumATK-R-2020.09-SP1\bin;C:\Program Files (x86)\Common Files\Intel\Shared Libraries\redist\intel64\compiler;C:\Program Files (x86)\Common Files\Oracle\Java\javapath;C:\ProgramData\Oracle\Java\javapath;C:\Windows\system32;C:\Windows;C:\Windows\System32\Wbem;C:\Windows\System32\WindowsPowerShell\v1.0\;C:\Windows\System32\OpenSSH\;C:\Program Files (x86)\NVIDIA Corporation\PhysX\Common;C:\Program Files\NVIDIA Corporation\NVIDIA NvDLISR;C:\WINDOWS\system32;C:\WINDOWS;C:\WINDOWS\System32\Wbem;C:\WINDOWS\System32\WindowsPowerShell\v1.0\;C:\WINDOWS\System32\OpenSSH\;C:\Program Files\Microsoft SQL Server\130\Tools\Binn\;C:\Program Files\dotnet\;C:\Program Files\Microsoft SQL Server\Client SDK\ODBC\170\Tools\Binn\;C:\Users\jdloc\AppData\Local\Microsoft\WindowsApps;C:\Users\jdloc\AppData\Local\GitHubDesktop\bin;C:\Users\jdloc\.dotnet\tools
USERNAME=jdloc
OS=Windows_NT
PROCESSOR_IDENTIFIER=Intel64 Family 6 Model 165 Stepping 2, GenuineIntel



---------------  S Y S T E M  ---------------

OS: Windows 10.0 , 64 bit Build 19041 (10.0.19041.1202)

CPU:total 12 (initial active 12) (6 cores per cpu, 2 threads per core) family 6 model 165 stepping 2, cmov, cx8, fxsr, mmx, sse, sse2, sse3, ssse3, sse4.1, sse4.2, popcnt, avx, avx2, aes, clmul, erms, 3dnowpref, lzcnt, ht, tsc, tscinvbit, bmi1, bmi2, adx

Memory: 4k page, physical 16604212k(6413468k free), swap 19596340k(6860k free)

vm_info: OpenJDK 64-Bit Server VM (25.71-b00) for windows-amd64 JRE (1.8.0-adoptopenjdk-_2018_05_19_00_59-b00), built on May 19 2018 01:02:12 by "jenkins" with MS VC++ 10.0 (VS2010)

time: Tue Oct 26 05:53:19 2021
elapsed time: 0 seconds (0d 0h 0m 0s)

